<?xml version="1.0" encoding="UTF-8"?>
<testsuite xmlns:xsi="http://www.w3.org/2001/XMLSchema-instance" xsi:noNamespaceSchemaLocation="https://maven.apache.org/surefire/maven-surefire-plugin/xsd/surefire-test-report.xsd" name="runner.RunnerTests" time="42.481" tests="4" errors="1" skipped="0" failures="0">
  <properties>
[...]
</properties>
  <testcase name="Check site search ability" classname="Smoke" time="7.738"/>
  <testcase name="Check search by category" classname="Smoke" time="14.878"/>
  <testcase name="Check amount of elements on a page" classname="Smoke" time="9.599">
    <error type="java.lang.NullPointerException">java.lang.NullPointerException
</error>
    <system-err><![CDATA[Starting ChromeDriver 97.0.4692.71 (adefa7837d02a07a604c1e6eff0b3a09422ab88d-refs/branch-heads/4692@{#1247}) on port 8652
Only local connections are allowed.
Please see https://chromedriver.chromium.org/security-considerations for suggestions on keeping ChromeDriver safe.
ChromeDriver was started successfully.
Feb 05, 2022 8:10:13 PM org.openqa.selenium.remote.ProtocolHandshake createSession
INFO: Detected dialect: W3C
]]></system-err>
  </testcase>
  <testcase name="Check count of images page" classname="Smoke" time="9.833"/>
</testsuite>